MotionCapture_App/app/build/intermediates/manifest_merge_blame_file/debug/manifest-merger-blame-debug-report.txt
1<?xml version="1.0" encoding="utf-8"?>
2<manifest xmlns:android="http://schemas.android.com/apk/res/android"
3    package="com.example.ble_sample"
4    android:versionCode="1"
5    android:versionName="1.0" >
6
7    <uses-sdk
7-->src\main\AndroidManifest.xml:7:5-47
8        android:minSdkVersion="19"
8-->src\main\AndroidManifest.xml:7:5-47
9        android:targetSdkVersion="19" />
9-->src\main\AndroidManifest.xml:7:15-44
10
11    <uses-feature
11-->src\main\AndroidManifest.xml:9:5-10:80
12        android:name="android.hardware.bluetooth_le"
12-->src\main\AndroidManifest.xml:10:9-53
13        android:required="true" />
13-->src\main\AndroidManifest.xml:10:54-77
14
15    <uses-permission android:name="android.permission.BLUETOOTH" />
15-->src\main\AndroidManifest.xml:12:5-67
15-->src\main\AndroidManifest.xml:12:22-65
16    <uses-permission android:name="android.permission.BLUETOOTH_ADMIN" />
16-->src\main\AndroidManifest.xml:13:5-73
16-->src\main\AndroidManifest.xml:13:22-71
17    <uses-permission android:name="android.permission.READ_PHONE_STATE" />
17-->src\main\AndroidManifest.xml:14:5-74
17-->src\main\AndroidManifest.xml:14:22-72
18    <uses-permission android:name="android.permission.WRITE_EXTERNAL_STORAGE" />
18-->src\main\AndroidManifest.xml:15:5-81
18-->src\main\AndroidManifest.xml:15:22-78
19
20    <application
20-->src\main\AndroidManifest.xml:17:5-34:19
21        android:allowBackup="true"
21-->src\main\AndroidManifest.xml:18:9-35
22        android:debuggable="true"
23        android:icon="@drawable/ic_launcher"
23-->src\main\AndroidManifest.xml:19:9-45
24        android:label="@string/app_name"
24-->src\main\AndroidManifest.xml:20:9-41
25        android:testOnly="true"
26        android:theme="@style/AppTheme" >
26-->src\main\AndroidManifest.xml:21:9-40
27        <activity
27-->src\main\AndroidManifest.xml:22:9-30:20
28            android:name="com.example.gym_delivery.DeviceScanActivity"
28-->src\main\AndroidManifest.xml:23:13-71
29            android:label="@string/app_name" >
29-->src\main\AndroidManifest.xml:24:13-45
30            <intent-filter>
30-->src\main\AndroidManifest.xml:25:13-29:29
31                <action android:name="android.intent.action.MAIN" />
31-->src\main\AndroidManifest.xml:26:17-69
31-->src\main\AndroidManifest.xml:26:25-66
32
33                <category android:name="android.intent.category.LAUNCHER" />
33-->src\main\AndroidManifest.xml:28:17-77
33-->src\main\AndroidManifest.xml:28:27-74
34            </intent-filter>
35        </activity>
36
37        <service android:name="com.hardwarebreakout.bleservice.BluetoothLeService" />
37-->src\main\AndroidManifest.xml:32:9-86
37-->src\main\AndroidManifest.xml:32:18-83
38    </application>
39
40</manifest>